<?xml version="1.0" encoding="UTF-8"?>
<!-- Generated by org.testng.reporters.JUnitReportReporter -->
<testsuite hostname="DESKTOP-HERO5B5" failures="0" tests="1" name="workingwithelement.WorkinWthJavaScriptAlert" time="0.644" errors="0" timestamp="2020-04-12T23:44:42 MESZ" skipped="0">
  <testcase classname="workingwithelement.WorkinWthJavaScriptAlert" name="testAlert" time="0.644"/>
  <system-out/>
</testsuite> <!-- workingwithelement.WorkinWthJavaScriptAlert -->
