<?xml version="1.0" encoding="UTF-8"?>
<!-- Generated by org.testng.reporters.JUnitReportReporter -->
<testsuite hostname="DESKTOP-HERO5B5" failures="0" tests="1" name="workingwithelements2.TestScrollToBottomOfPage" time="4.072" errors="0" timestamp="2020-04-19T12:42:06 MESZ" skipped="0">
  <testcase classname="workingwithelements2.TestScrollToBottomOfPage" name="testScrollWithJs" time="4.072"/>
  <system-out/>
</testsuite> <!-- workingwithelements2.TestScrollToBottomOfPage -->
