<?xml version="1.0" encoding="UTF-8"?>
<!-- Generated by org.testng.reporters.JUnitReportReporter -->
<testsuite hostname="DESKTOP-HERO5B5" failures="0" tests="1" name="workingwithelement.DragAndDropActions" time="2.659" errors="0" timestamp="2020-04-12T19:27:36 MESZ" skipped="0">
  <testcase classname="workingwithelement.DragAndDropActions" name="testDragAndDrop" time="2.659"/>
  <system-out/>
</testsuite> <!-- workingwithelement.DragAndDropActions -->
