<?xml version="1.0" encoding="UTF-8"?>
<!-- Generated by org.testng.reporters.JUnitReportReporter -->
<testsuite hostname="DESKTOP-HERO5B5" failures="0" tests="1" name="workingwithelement.TestFluentWait" time="2.681" errors="0" timestamp="2020-04-18T11:32:20 MESZ" skipped="0">
  <testcase classname="workingwithelement.TestFluentWait" name="testFluentyWait" time="2.681"/>
  <system-out/>
</testsuite> <!-- workingwithelement.TestFluentWait -->
