<?xml version="1.0" encoding="UTF-8"?>
<!-- Generated by org.testng.reporters.JUnitReportReporter -->
<testsuite hostname="DESKTOP-HERO5B5" failures="0" tests="1" name="Deepdive.seleium.FindElementByTagName" time="0.494" errors="0" timestamp="2020-04-04T13:21:47 MESZ" skipped="0">
  <testcase classname="Deepdive.seleium.FindElementByTagName" name="findElementByTagName" time="0.494"/>
  <system-out/>
</testsuite> <!-- Deepdive.seleium.FindElementByTagName -->
