<?xml version="1.0" encoding="UTF-8"?>
<!-- Generated by org.testng.reporters.JUnitReportReporter -->
<testsuite hostname="DESKTOP-HERO5B5" failures="0" tests="2" name="workingwithelement.TestMultipleWindows" time="2.862" errors="0" timestamp="2020-04-13T18:47:02 MESZ" skipped="0">
  <testcase classname="workingwithelement.TestMultipleWindows" name="testWindowUsingTitle" time="1.386"/>
  <system-out/>
  <testcase classname="workingwithelement.TestMultipleWindows" name="testWindowUsingName" time="1.476"/>
  <system-out/>
</testsuite> <!-- workingwithelement.TestMultipleWindows -->
