<?xml version="1.0" encoding="UTF-8"?>
<!-- Generated by org.testng.reporters.JUnitReportReporter -->
<testsuite hostname="DESKTOP-HERO5B5" failures="0" tests="1" name="workingwithelement.TestCookies" time="1.279" errors="0" timestamp="2020-04-14T19:28:05 MESZ" skipped="0">
  <testcase classname="workingwithelement.TestCookies" name="testCookies" time="1.279"/>
  <system-out/>
</testsuite> <!-- workingwithelement.TestCookies -->
