<?xml version="1.0" encoding="UTF-8"?>
<!-- Generated by org.testng.reporters.JUnitReportReporter -->
<testsuite hostname="DESKTOP-HERO5B5" failures="0" tests="1" name="workingwithelements2.TestContextMenu" time="4.399" errors="0" timestamp="2020-04-19T13:48:22 MESZ" skipped="0">
  <testcase classname="workingwithelements2.TestContextMenu" name="testContextMenu" time="4.399"/>
  <system-out/>
</testsuite> <!-- workingwithelements2.TestContextMenu -->
