<?xml version="1.0" encoding="UTF-8"?>
<!-- Generated by org.testng.reporters.JUnitReportReporter -->
<testsuite hostname="DESKTOP-HERO5B5" failures="0" tests="1" name="Deepdive.seleium.FindElementByClass" time="0.483" errors="0" timestamp="2020-04-04T12:55:56 MESZ" skipped="0">
  <testcase classname="Deepdive.seleium.FindElementByClass" name="findElementBy" time="0.483"/>
  <system-out/>
</testsuite> <!-- Deepdive.seleium.FindElementByClass -->
