<?xml version="1.0" encoding="UTF-8"?>
<!-- Generated by org.testng.reporters.JUnitReportReporter -->
<testsuite hostname="DESKTOP-HERO5B5" failures="0" tests="1" name="workingwithelement.WorkingWithPromptAlert" time="3.505" errors="0" timestamp="2020-04-13T12:34:30 MESZ" skipped="0">
  <testcase classname="workingwithelement.WorkingWithPromptAlert" name="testPromptAlert" time="3.505"/>
  <system-out/>
</testsuite> <!-- workingwithelement.WorkingWithPromptAlert -->
