<?xml version="1.0" encoding="UTF-8"?>
<!-- Generated by org.testng.reporters.JUnitReportReporter -->
<testsuite hostname="DESKTOP-HERO5B5" failures="0" tests="1" name="workingwithelement.WorkinWithWebTables" time="0.649" errors="0" timestamp="2020-04-11T22:55:02 MESZ" skipped="0">
  <testcase classname="workingwithelement.WorkinWithWebTables" name="testWebTables" time="0.649"/>
  <system-out/>
</testsuite> <!-- workingwithelement.WorkinWithWebTables -->
