<?xml version="1.0" encoding="UTF-8"?>
<!-- Generated by org.testng.reporters.JUnitReportReporter -->
<testsuite hostname="DESKTOP-HERO5B5" failures="0" tests="1" name="workingwithelement.TestExplicitWait" time="1.916" errors="0" timestamp="2020-04-26T13:29:36 MESZ" skipped="0">
  <testcase classname="workingwithelement.TestExplicitWait" name="testExplicitlyWait" time="1.916"/>
  <system-out/>
</testsuite> <!-- workingwithelement.TestExplicitWait -->
