<?xml version="1.0" encoding="UTF-8"?>
<!-- Generated by org.testng.reporters.JUnitReportReporter -->
<testsuite hostname="DESKTOP-HERO5B5" failures="0" tests="1" name="workingwithelements2.TestUploadFile" time="1.381" errors="0" timestamp="2020-04-29T20:24:01 MESZ" skipped="0">
  <testcase classname="workingwithelements2.TestUploadFile" name="TestUploadFile" time="1.381"/>
  <system-out/>
</testsuite> <!-- workingwithelements2.TestUploadFile -->
