<?xml version="1.0" encoding="UTF-8"?>
<!-- Generated by org.testng.reporters.JUnitReportReporter -->
<testsuite hostname="DESKTOP-HERO5B5" failures="0" tests="1" name="workingwithelement.WorkingWithDropdownList" time="2.197" errors="0" timestamp="2020-04-11T15:21:15 MESZ" skipped="0">
  <testcase classname="workingwithelement.WorkingWithDropdownList" name="testDropdownList" time="2.197"/>
  <system-out/>
</testsuite> <!-- workingwithelement.WorkingWithDropdownList -->
