<?xml version="1.0" encoding="UTF-8"?>
<!-- Generated by org.testng.reporters.JUnitReportReporter -->
<testsuite hostname="DESKTOP-HERO5B5" failures="0" tests="1" name="Deepdive.seleium.FindElementInTableByTagName" time="0.143" errors="0" timestamp="2020-04-04T13:43:07 MESZ" skipped="0">
  <testcase classname="Deepdive.seleium.FindElementInTableByTagName" name="findElementByTagName" time="0.143"/>
  <system-out/>
</testsuite> <!-- Deepdive.seleium.FindElementInTableByTagName -->
