<?xml version="1.0" encoding="UTF-8"?>
<!-- Generated by org.testng.reporters.JUnitReportReporter -->
<testsuite hostname="DESKTOP-HERO5B5" failures="0" tests="1" name="workingwithelements2.TestFrame" time="0.560" errors="0" timestamp="2020-05-09T10:53:57 MESZ" skipped="0">
  <testcase classname="workingwithelements2.TestFrame" name="testFrameWithIdOrName" time="0.560"/>
  <system-out/>
</testsuite> <!-- workingwithelements2.TestFrame -->
