<?xml version="1.0" encoding="UTF-8"?>
<!-- Generated by org.testng.reporters.JUnitReportReporter -->
<testsuite hostname="DESKTOP-HERO5B5" failures="0" tests="1" name="workingwithelements2.CheckAllBrokenLinks" time="1.523" errors="0" timestamp="2020-04-25T19:02:23 MESZ" skipped="0">
  <testcase classname="workingwithelements2.CheckAllBrokenLinks" name="testBrokenLinks" time="1.523"/>
  <system-out/>
</testsuite> <!-- workingwithelements2.CheckAllBrokenLinks -->
