<?xml version="1.0" encoding="UTF-8"?>
<!-- Generated by org.testng.reporters.JUnitReportReporter -->
<testsuite hostname="DESKTOP-HERO5B5" failures="0" tests="1" name="workingwithelement.WorkingWithSubmitMethod" time="3.351" errors="0" timestamp="2020-04-10T14:25:30 MESZ" skipped="0">
  <testcase classname="workingwithelement.WorkingWithSubmitMethod" name="testSubmit" time="3.351"/>
  <system-out/>
</testsuite> <!-- workingwithelement.WorkingWithSubmitMethod -->
