<?xml version="1.0" encoding="UTF-8"?>
<!-- Generated by org.testng.reporters.JUnitReportReporter -->
<testsuite hostname="DESKTOP-HERO5B5" failures="0" tests="2" name="Deepdive.seleium.Deepdive1" time="0.314" errors="0" timestamp="2020-04-10T13:02:33 MESZ" skipped="0">
  <testcase classname="Deepdive.seleium.Deepdive1" name="findElementByRelativetXpath" time="0.121"/>
  <system-out/>
  <testcase classname="Deepdive.seleium.Deepdive1" name="findElementByAbsolutXpath" time="0.193"/>
  <system-out/>
</testsuite> <!-- Deepdive.seleium.Deepdive1 -->
