<?xml version="1.0" encoding="UTF-8"?>
<!-- Generated by org.testng.reporters.JUnitReportReporter -->
<testsuite hostname="DESKTOP-HERO5B5" failures="0" tests="1" name="workingwithelements2.TestJavaScript" time="0.039" errors="0" timestamp="2020-04-18T19:11:12 MESZ" skipped="0">
  <testcase classname="workingwithelements2.TestJavaScript" name="testJavaSacript" time="0.039"/>
  <system-out/>
</testsuite> <!-- workingwithelements2.TestJavaScript -->
