<?xml version="1.0" encoding="UTF-8"?>
<!-- Generated by org.testng.reporters.JUnitReportReporter -->
<testsuite hostname="DESKTOP-HERO5B5" failures="0" tests="1" name="Deepdive.seleium.FindElementByName" time="0.182" errors="0" timestamp="2020-04-04T12:33:08 MESZ" skipped="0">
  <testcase classname="Deepdive.seleium.FindElementByName" name="findElementBy" time="0.182"/>
  <system-out/>
</testsuite> <!-- Deepdive.seleium.FindElementByName -->
