<?xml version="1.0" encoding="UTF-8"?>
<!-- Generated by org.testng.reporters.JUnitReportReporter -->
<testsuite hostname="DESKTOP-HERO5B5" failures="0" tests="1" name="workingwithelement.WorkingWithTesxtBoxAndButton" time="1.349" errors="0" timestamp="2020-04-10T13:57:40 MESZ" skipped="0">
  <testcase classname="workingwithelement.WorkingWithTesxtBoxAndButton" name="LoginScreen" time="1.349"/>
  <system-out/>
</testsuite> <!-- workingwithelement.WorkingWithTesxtBoxAndButton -->
