<?xml version="1.0" encoding="UTF-8"?>
<!-- Generated by org.testng.reporters.JUnitReportReporter -->
<testsuite hostname="DESKTOP-HERO5B5" failures="0" tests="1" name="Deepdive.seleium.FindByElements" time="0.725" errors="0" timestamp="2020-04-04T21:33:54 MESZ" skipped="0">
  <testcase classname="Deepdive.seleium.FindByElements" name="testFindElements" time="0.725"/>
  <system-out/>
</testsuite> <!-- Deepdive.seleium.FindByElements -->
