<?xml version="1.0" encoding="UTF-8"?>
<!-- Generated by org.testng.reporters.JUnitReportReporter -->
<testsuite hostname="DESKTOP-HERO5B5" failures="0" tests="2" name="Deepdive.seleium.FindElementByXpath" time="0.141" errors="0" timestamp="2020-04-07T18:36:24 MESZ" skipped="1">
  <testcase classname="Deepdive.seleium.FindElementByXpath" name="findElementByRelativeXpath" time="0.141"/>
  <system-out/>
  <testcase classname="Deepdive.seleium.FindElementByXpath" name="findElementByAbsolutXpath">
    <skipped/>
  </testcase> <!-- findElementByAbsolutXpath -->
  <system-out/>
</testsuite> <!-- Deepdive.seleium.FindElementByXpath -->
