<?xml version="1.0" encoding="UTF-8"?>
<!-- Generated by org.testng.reporters.JUnitReportReporter -->
<testsuite hostname="DESKTOP-HERO5B5" failures="0" tests="1" name="workingwithelement.TestImplicitWait" time="1.375" errors="0" timestamp="2020-04-16T18:47:32 MESZ" skipped="0">
  <testcase classname="workingwithelement.TestImplicitWait" name="testImplicityWait" time="1.375"/>
  <system-out/>
</testsuite> <!-- workingwithelement.TestImplicitWait -->
