<?xml version="1.0" encoding="UTF-8"?>
<!-- Generated by org.testng.reporters.JUnitReportReporter -->
<testsuite hostname="DESKTOP-HERO5B5" failures="0" tests="1" name="Deepdive.seleium.FindLinksByLinkText" time="12.316" errors="0" timestamp="2020-04-06T18:51:30 MESZ" skipped="0">
  <testcase classname="Deepdive.seleium.FindLinksByLinkText" name="FindByText" time="12.316"/>
  <system-out/>
</testsuite> <!-- Deepdive.seleium.FindLinksByLinkText -->
